<?xml version="1.0" encoding="UTF-8"?>
<!-- Generated by org.testng.reporters.JUnitReportReporter -->
<testsuite hostname="Lenovo-PC" name="tests.CreateNewHCPAccountTest" tests="4" failures="4" timestamp="1 Feb 2017 21:49:33 GMT" time="0.002" errors="0">
  <testcase name="createNewHCPAccountAccount" time="0.001" classname="tests.CreateNewHCPAccountTest">
    <failure type="org.openqa.selenium.WebDriverException" message="Failed to connect to binary FirefoxBinary(C:\Program Files (x86)\Mozilla Firefox\firefox.exe) on port 7055; process output follows: 
ame&quot;:&quot;卡巴斯基保护&quot;,&quot;description&quot;:&quot;使用 Kaspersky Lab 的扩展功能对您的互联网的保护。&quot;,&quot;creator&quot;:null,&quot;homepageURL&quot;:null},{&quot;locales&quot;:[&quot;zh_HK&quot;],&quot;name&quot;:&quot;卡巴斯基�?�護&quot;,&quot;description&quot;:&quot;使用 Kaspersky Lab 的延伸功能對您的網際網路的�?�護。&quot;,&quot;creator&quot;:null,&quot;homepageURL&quot;:null},{&quot;locales&quot;:[&quot;zh_TW&quot;],&quot;name&quot;:&quot;卡巴斯基�?�護&quot;,&quot;description&quot;:&quot;使用 Kaspersky Lab 的延伸功能對您的網際網路的�?�護。&quot;,&quot;creator&quot;:null,&quot;homepageURL&quot;:null}],&quot;targetApplications&quot;:[{&quot;id&quot;:&quot;{ec8030f7-c20a-464f-9b0e-13a3a9e97384}&quot;,&quot;minVersion&quot;:&quot;38.0a1&quot;,&quot;maxVersion&quot;:&quot;43.0&quot;}],&quot;targetPlatforms&quot;:[],&quot;multiprocessCompatible&quot;:false,&quot;signedState&quot;:2,&quot;seen&quot;:true,&quot;dependencies&quot;:[],&quot;hasEmbeddedWebExtension&quot;:false,&quot;mpcOptedOut&quot;:false}
1485985734181	DeferredSave.extensions.json	DEBUG	Save changes
1485985734182	addons.xpi	DEBUG	Updating database with changes to installed add-ons
1485985734182	addons.xpi-utils	DEBUG	Updating add-on states
1485985734184	addons.xpi-utils	DEBUG	Writing add-ons list
1485985734188	addons.xpi	DEBUG	Registering manifest for C:\Program Files (x86)\Mozilla Firefox\browser\features\aushelper@mozilla.org.xpi
1485985734188	addons.xpi	DEBUG	Calling bootstrap method startup on aushelper@mozilla.org version 1.0
1485985734190	addons.xpi	DEBUG	Registering manifest for C:\Program Files (x86)\Mozilla Firefox\browser\features\e10srollout@mozilla.org.xpi
1485985734191	addons.xpi	DEBUG	Calling bootstrap method startup on e10srollout@mozilla.org version 1.7
1485985734192	addons.xpi	DEBUG	Registering manifest for C:\Program Files (x86)\Mozilla Firefox\browser\features\firefox@getpocket.com.xpi
1485985734193	addons.xpi	DEBUG	Calling bootstrap method startup on firefox@getpocket.com version 1.0.5
1485985734198	addons.xpi	DEBUG	Registering manifest for C:\Program Files (x86)\Mozilla Firefox\browser\features\webcompat@mozilla.org.xpi
1485985734199	addons.xpi	DEBUG	Calling bootstrap method startup on webcompat@mozilla.org version 1.0
1485985734203	addons.manager	DEBUG	Registering shutdown blocker for XPIProvider
1485985734204	addons.manager	DEBUG	Provider finished startup: XPIProvider
1485985734204	addons.manager	DEBUG	Starting provider: LightweightThemeManager
1485985734204	addons.manager	DEBUG	Registering shutdown blocker for LightweightThemeManager
1485985734204	addons.manager	DEBUG	Provider finished startup: LightweightThemeManager
1485985734204	addons.manager	DEBUG	Starting provider: GMPProvider
1485985734214	addons.manager	DEBUG	Registering shutdown blocker for GMPProvider
1485985734214	addons.manager	DEBUG	Provider finished startup: GMPProvider
1485985734214	addons.manager	DEBUG	Starting provider: PluginProvider
1485985734214	addons.manager	DEBUG	Registering shutdown blocker for PluginProvider
1485985734215	addons.manager	DEBUG	Provider finished startup: PluginProvider
1485985734215	addons.manager	DEBUG	Completed startup sequence
1485985736714	addons.manager	DEBUG	Starting provider: &lt;unnamed-provider&gt;
1485985736715	addons.manager	DEBUG	Registering shutdown blocker for &lt;unnamed-provider&gt;
1485985736715	addons.manager	DEBUG	Provider finished startup: &lt;unnamed-provider&gt;
1485985736966	DeferredSave.extensions.json	DEBUG	Write succeeded
1485985736966	addons.xpi-utils	DEBUG	XPI Database saved, setting schema version preference to 19
1485985736966	DeferredSave.extensions.json	DEBUG	Starting timer
1485985736989	DeferredSave.extensions.json	DEBUG	Starting write
1485985736992	addons.repository	DEBUG	No addons.json found.
1485985736994	DeferredSave.addons.json	DEBUG	Save changes
1485985736997	DeferredSave.addons.json	DEBUG	Starting timer
1485985737163	addons.manager	DEBUG	Starting provider: PreviousExperimentProvider
1485985737164	addons.manager	DEBUG	Registering shutdown blocker for PreviousExperimentProvider
1485985737164	addons.manager	DEBUG	Provider finished startup: PreviousExperimentProvider
1485985737168	DeferredSave.addons.json	DEBUG	Starting write
1485985737193	DeferredSave.extensions.json	DEBUG	Write succeeded
1485985737206	DeferredSave.addons.json	DEBUG	Write succeeded

Build info: version: &#039;2.53.1&#039;, revision: &#039;a36b8b1cd5757287168e54b817830adce9b0158d&#039;, time: &#039;2016-06-30 19:26:09&#039;
System info: host: &#039;Lenovo-PC&#039;, ip: &#039;192.168.44.1&#039;, os.name: &#039;Windows 10&#039;, os.arch: &#039;amd64&#039;, os.version: &#039;10.0&#039;, java.version: &#039;1.8.0_111&#039;
Driver info: driver.version: FirefoxDriver">
      <![CDATA[org.openqa.selenium.WebDriverException: Failed to connect to binary FirefoxBinary(C:\Program Files (x86)\Mozilla Firefox\firefox.exe) on port 7055; process output follows: 
ame":"卡巴斯基保护","description":"使用 Kaspersky Lab 的扩展功能对您的互联网的保护。","creator":null,"homepageURL":null},{"locales":["zh_HK"],"name":"卡巴斯基�?�護","description":"使用 Kaspersky Lab 的延伸功能對您的網際網路的�?�護。","creator":null,"homepageURL":null},{"locales":["zh_TW"],"name":"卡巴斯基�?�護","description":"使用 Kaspersky Lab 的延伸功能對您的網際網路的�?�護。","creator":null,"homepageURL":null}],"targetApplications":[{"id":"{ec8030f7-c20a-464f-9b0e-13a3a9e97384}","minVersion":"38.0a1","maxVersion":"43.0"}],"targetPlatforms":[],"multiprocessCompatible":false,"signedState":2,"seen":true,"dependencies":[],"hasEmbeddedWebExtension":false,"mpcOptedOut":false}
1485985734181	DeferredSave.extensions.json	DEBUG	Save changes
1485985734182	addons.xpi	DEBUG	Updating database with changes to installed add-ons
1485985734182	addons.xpi-utils	DEBUG	Updating add-on states
1485985734184	addons.xpi-utils	DEBUG	Writing add-ons list
1485985734188	addons.xpi	DEBUG	Registering manifest for C:\Program Files (x86)\Mozilla Firefox\browser\features\aushelper@mozilla.org.xpi
1485985734188	addons.xpi	DEBUG	Calling bootstrap method startup on aushelper@mozilla.org version 1.0
1485985734190	addons.xpi	DEBUG	Registering manifest for C:\Program Files (x86)\Mozilla Firefox\browser\features\e10srollout@mozilla.org.xpi
1485985734191	addons.xpi	DEBUG	Calling bootstrap method startup on e10srollout@mozilla.org version 1.7
1485985734192	addons.xpi	DEBUG	Registering manifest for C:\Program Files (x86)\Mozilla Firefox\browser\features\firefox@getpocket.com.xpi
1485985734193	addons.xpi	DEBUG	Calling bootstrap method startup on firefox@getpocket.com version 1.0.5
1485985734198	addons.xpi	DEBUG	Registering manifest for C:\Program Files (x86)\Mozilla Firefox\browser\features\webcompat@mozilla.org.xpi
1485985734199	addons.xpi	DEBUG	Calling bootstrap method startup on webcompat@mozilla.org version 1.0
1485985734203	addons.manager	DEBUG	Registering shutdown blocker for XPIProvider
1485985734204	addons.manager	DEBUG	Provider finished startup: XPIProvider
1485985734204	addons.manager	DEBUG	Starting provider: LightweightThemeManager
1485985734204	addons.manager	DEBUG	Registering shutdown blocker for LightweightThemeManager
1485985734204	addons.manager	DEBUG	Provider finished startup: LightweightThemeManager
1485985734204	addons.manager	DEBUG	Starting provider: GMPProvider
1485985734214	addons.manager	DEBUG	Registering shutdown blocker for GMPProvider
1485985734214	addons.manager	DEBUG	Provider finished startup: GMPProvider
1485985734214	addons.manager	DEBUG	Starting provider: PluginProvider
1485985734214	addons.manager	DEBUG	Registering shutdown blocker for PluginProvider
1485985734215	addons.manager	DEBUG	Provider finished startup: PluginProvider
1485985734215	addons.manager	DEBUG	Completed startup sequence
1485985736714	addons.manager	DEBUG	Starting provider: <unnamed-provider>
1485985736715	addons.manager	DEBUG	Registering shutdown blocker for <unnamed-provider>
1485985736715	addons.manager	DEBUG	Provider finished startup: <unnamed-provider>
1485985736966	DeferredSave.extensions.json	DEBUG	Write succeeded
1485985736966	addons.xpi-utils	DEBUG	XPI Database saved, setting schema version preference to 19
1485985736966	DeferredSave.extensions.json	DEBUG	Starting timer
1485985736989	DeferredSave.extensions.json	DEBUG	Starting write
1485985736992	addons.repository	DEBUG	No addons.json found.
1485985736994	DeferredSave.addons.json	DEBUG	Save changes
1485985736997	DeferredSave.addons.json	DEBUG	Starting timer
1485985737163	addons.manager	DEBUG	Starting provider: PreviousExperimentProvider
1485985737164	addons.manager	DEBUG	Registering shutdown blocker for PreviousExperimentProvider
1485985737164	addons.manager	DEBUG	Provider finished startup: PreviousExperimentProvider
1485985737168	DeferredSave.addons.json	DEBUG	Starting write
1485985737193	DeferredSave.extensions.json	DEBUG	Write succeeded
1485985737206	DeferredSave.addons.json	DEBUG	Write succeeded

Build info: version: '2.53.1', revision: 'a36b8b1cd5757287168e54b817830adce9b0158d', time: '2016-06-30 19:26:09'
System info: host: 'Lenovo-PC', ip: '192.168.44.1', os.name: 'Windows 10', os.arch: 'amd64', os.version: '10.0', java.version: '1.8.0_111'
Driver info: driver.version: FirefoxDriver
	at org.openqa.selenium.firefox.internal.NewProfileExtensionConnection.start(NewProfileExtensionConnection.java:125)
	at org.openqa.selenium.firefox.FirefoxDriver.startClient(FirefoxDriver.java:271)
	at org.openqa.selenium.remote.RemoteWebDriver.<init>(RemoteWebDriver.java:119)
	at org.openqa.selenium.firefox.FirefoxDriver.<init>(FirefoxDriver.java:216)
	at org.openqa.selenium.firefox.FirefoxDriver.<init>(FirefoxDriver.java:211)
	at org.openqa.selenium.firefox.FirefoxDriver.<init>(FirefoxDriver.java:207)
	at org.openqa.selenium.firefox.FirefoxDriver.<init>(FirefoxDriver.java:120)
	at util.WebDriverProvider.lambda$1(WebDriverProvider.java:21)
	at util.WebDriverProvider.getDriver(WebDriverProvider.java:26)
	at tests.BaseTest.setUp(BaseTest.java:39)
	at sun.reflect.NativeMethodAccessorImpl.invoke0(Native Method)
	at sun.reflect.NativeMethodAccessorImpl.invoke(Unknown Source)
	at sun.reflect.DelegatingMethodAccessorImpl.invoke(Unknown Source)
	at java.lang.reflect.Method.invoke(Unknown Source)
	at org.testng.internal.MethodInvocationHelper.invokeMethod(MethodInvocationHelper.java:80)
	at org.testng.internal.Invoker.invokeConfigurationMethod(Invoker.java:564)
	at org.testng.internal.Invoker.invokeConfigurations(Invoker.java:213)
	at org.testng.internal.Invoker.invokeConfigurations(Invoker.java:138)
	at org.testng.internal.TestMethodWorker.invokeBeforeClassMethods(TestMethodWorker.java:175)
	at org.testng.internal.TestMethodWorker.run(TestMethodWorker.java:107)
	at org.testng.TestRunner.privateRun(TestRunner.java:767)
	at org.testng.TestRunner.run(TestRunner.java:617)
	at org.testng.SuiteRunner.runTest(SuiteRunner.java:334)
	at org.testng.SuiteRunner.runSequentially(SuiteRunner.java:329)
	at org.testng.SuiteRunner.privateRun(SuiteRunner.java:291)
	at org.testng.SuiteRunner.run(SuiteRunner.java:240)
	at org.testng.SuiteRunnerWorker.runSuite(SuiteRunnerWorker.java:52)
	at org.testng.SuiteRunnerWorker.run(SuiteRunnerWorker.java:86)
	at org.testng.TestNG.runSuitesSequentially(TestNG.java:1198)
	at org.testng.TestNG.runSuitesLocally(TestNG.java:1123)
	at org.testng.TestNG.run(TestNG.java:1031)
	at org.testng.remote.AbstractRemoteTestNG.run(AbstractRemoteTestNG.java:132)
	at org.testng.remote.RemoteTestNG.initAndRun(RemoteTestNG.java:236)
	at org.testng.remote.RemoteTestNG.main(RemoteTestNG.java:81)
Caused by: org.openqa.selenium.firefox.NotConnectedException: Unable to connect to host 127.0.0.1 on port 7055 after 45000 ms. Firefox console output:
ame":"卡巴斯基保护","description":"使用 Kaspersky Lab 的扩展功能对您的互联网的保护。","creator":null,"homepageURL":null},{"locales":["zh_HK"],"name":"卡巴斯基�?�護","description":"使用 Kaspersky Lab 的延伸功能對您的網際網路的�?�護。","creator":null,"homepageURL":null},{"locales":["zh_TW"],"name":"卡巴斯基�?�護","description":"使用 Kaspersky Lab 的延伸功能對您的網際網路的�?�護。","creator":null,"homepageURL":null}],"targetApplications":[{"id":"{ec8030f7-c20a-464f-9b0e-13a3a9e97384}","minVersion":"38.0a1","maxVersion":"43.0"}],"targetPlatforms":[],"multiprocessCompatible":false,"signedState":2,"seen":true,"dependencies":[],"hasEmbeddedWebExtension":false,"mpcOptedOut":false}
1485985734181	DeferredSave.extensions.json	DEBUG	Save changes
1485985734182	addons.xpi	DEBUG	Updating database with changes to installed add-ons
1485985734182	addons.xpi-utils	DEBUG	Updating add-on states
1485985734184	addons.xpi-utils	DEBUG	Writing add-ons list
1485985734188	addons.xpi	DEBUG	Registering manifest for C:\Program Files (x86)\Mozilla Firefox\browser\features\aushelper@mozilla.org.xpi
1485985734188	addons.xpi	DEBUG	Calling bootstrap method startup on aushelper@mozilla.org version 1.0
1485985734190	addons.xpi	DEBUG	Registering manifest for C:\Program Files (x86)\Mozilla Firefox\browser\features\e10srollout@mozilla.org.xpi
1485985734191	addons.xpi	DEBUG	Calling bootstrap method startup on e10srollout@mozilla.org version 1.7
1485985734192	addons.xpi	DEBUG	Registering manifest for C:\Program Files (x86)\Mozilla Firefox\browser\features\firefox@getpocket.com.xpi
1485985734193	addons.xpi	DEBUG	Calling bootstrap method startup on firefox@getpocket.com version 1.0.5
1485985734198	addons.xpi	DEBUG	Registering manifest for C:\Program Files (x86)\Mozilla Firefox\browser\features\webcompat@mozilla.org.xpi
1485985734199	addons.xpi	DEBUG	Calling bootstrap method startup on webcompat@mozilla.org version 1.0
1485985734203	addons.manager	DEBUG	Registering shutdown blocker for XPIProvider
1485985734204	addons.manager	DEBUG	Provider finished startup: XPIProvider
1485985734204	addons.manager	DEBUG	Starting provider: LightweightThemeManager
1485985734204	addons.manager	DEBUG	Registering shutdown blocker for LightweightThemeManager
1485985734204	addons.manager	DEBUG	Provider finished startup: LightweightThemeManager
1485985734204	addons.manager	DEBUG	Starting provider: GMPProvider
1485985734214	addons.manager	DEBUG	Registering shutdown blocker for GMPProvider
1485985734214	addons.manager	DEBUG	Provider finished startup: GMPProvider
1485985734214	addons.manager	DEBUG	Starting provider: PluginProvider
1485985734214	addons.manager	DEBUG	Registering shutdown blocker for PluginProvider
1485985734215	addons.manager	DEBUG	Provider finished startup: PluginProvider
1485985734215	addons.manager	DEBUG	Completed startup sequence
1485985736714	addons.manager	DEBUG	Starting provider: <unnamed-provider>
1485985736715	addons.manager	DEBUG	Registering shutdown blocker for <unnamed-provider>
1485985736715	addons.manager	DEBUG	Provider finished startup: <unnamed-provider>
1485985736966	DeferredSave.extensions.json	DEBUG	Write succeeded
1485985736966	addons.xpi-utils	DEBUG	XPI Database saved, setting schema version preference to 19
1485985736966	DeferredSave.extensions.json	DEBUG	Starting timer
1485985736989	DeferredSave.extensions.json	DEBUG	Starting write
1485985736992	addons.repository	DEBUG	No addons.json found.
1485985736994	DeferredSave.addons.json	DEBUG	Save changes
1485985736997	DeferredSave.addons.json	DEBUG	Starting timer
1485985737163	addons.manager	DEBUG	Starting provider: PreviousExperimentProvider
1485985737164	addons.manager	DEBUG	Registering shutdown blocker for PreviousExperimentProvider
1485985737164	addons.manager	DEBUG	Provider finished startup: PreviousExperimentProvider
1485985737168	DeferredSave.addons.json	DEBUG	Starting write
1485985737193	DeferredSave.extensions.json	DEBUG	Write succeeded
1485985737206	DeferredSave.addons.json	DEBUG	Write succeeded

	at org.openqa.selenium.firefox.internal.NewProfileExtensionConnection.start(NewProfileExtensionConnection.java:113)
	... 33 more
]]>
    </failure>
  </testcase> <!-- createNewHCPAccountAccount -->
  <testcase name="openNewHCPAccountForm" time="0.001" classname="tests.CreateNewHCPAccountTest">
    <failure type="org.openqa.selenium.WebDriverException" message="Failed to connect to binary FirefoxBinary(C:\Program Files (x86)\Mozilla Firefox\firefox.exe) on port 7055; process output follows: 
ame&quot;:&quot;卡巴斯基保护&quot;,&quot;description&quot;:&quot;使用 Kaspersky Lab 的扩展功能对您的互联网的保护。&quot;,&quot;creator&quot;:null,&quot;homepageURL&quot;:null},{&quot;locales&quot;:[&quot;zh_HK&quot;],&quot;name&quot;:&quot;卡巴斯基�?�護&quot;,&quot;description&quot;:&quot;使用 Kaspersky Lab 的延伸功能對您的網際網路的�?�護。&quot;,&quot;creator&quot;:null,&quot;homepageURL&quot;:null},{&quot;locales&quot;:[&quot;zh_TW&quot;],&quot;name&quot;:&quot;卡巴斯基�?�護&quot;,&quot;description&quot;:&quot;使用 Kaspersky Lab 的延伸功能對您的網際網路的�?�護。&quot;,&quot;creator&quot;:null,&quot;homepageURL&quot;:null}],&quot;targetApplications&quot;:[{&quot;id&quot;:&quot;{ec8030f7-c20a-464f-9b0e-13a3a9e97384}&quot;,&quot;minVersion&quot;:&quot;38.0a1&quot;,&quot;maxVersion&quot;:&quot;43.0&quot;}],&quot;targetPlatforms&quot;:[],&quot;multiprocessCompatible&quot;:false,&quot;signedState&quot;:2,&quot;seen&quot;:true,&quot;dependencies&quot;:[],&quot;hasEmbeddedWebExtension&quot;:false,&quot;mpcOptedOut&quot;:false}
1485985734181	DeferredSave.extensions.json	DEBUG	Save changes
1485985734182	addons.xpi	DEBUG	Updating database with changes to installed add-ons
1485985734182	addons.xpi-utils	DEBUG	Updating add-on states
1485985734184	addons.xpi-utils	DEBUG	Writing add-ons list
1485985734188	addons.xpi	DEBUG	Registering manifest for C:\Program Files (x86)\Mozilla Firefox\browser\features\aushelper@mozilla.org.xpi
1485985734188	addons.xpi	DEBUG	Calling bootstrap method startup on aushelper@mozilla.org version 1.0
1485985734190	addons.xpi	DEBUG	Registering manifest for C:\Program Files (x86)\Mozilla Firefox\browser\features\e10srollout@mozilla.org.xpi
1485985734191	addons.xpi	DEBUG	Calling bootstrap method startup on e10srollout@mozilla.org version 1.7
1485985734192	addons.xpi	DEBUG	Registering manifest for C:\Program Files (x86)\Mozilla Firefox\browser\features\firefox@getpocket.com.xpi
1485985734193	addons.xpi	DEBUG	Calling bootstrap method startup on firefox@getpocket.com version 1.0.5
1485985734198	addons.xpi	DEBUG	Registering manifest for C:\Program Files (x86)\Mozilla Firefox\browser\features\webcompat@mozilla.org.xpi
1485985734199	addons.xpi	DEBUG	Calling bootstrap method startup on webcompat@mozilla.org version 1.0
1485985734203	addons.manager	DEBUG	Registering shutdown blocker for XPIProvider
1485985734204	addons.manager	DEBUG	Provider finished startup: XPIProvider
1485985734204	addons.manager	DEBUG	Starting provider: LightweightThemeManager
1485985734204	addons.manager	DEBUG	Registering shutdown blocker for LightweightThemeManager
1485985734204	addons.manager	DEBUG	Provider finished startup: LightweightThemeManager
1485985734204	addons.manager	DEBUG	Starting provider: GMPProvider
1485985734214	addons.manager	DEBUG	Registering shutdown blocker for GMPProvider
1485985734214	addons.manager	DEBUG	Provider finished startup: GMPProvider
1485985734214	addons.manager	DEBUG	Starting provider: PluginProvider
1485985734214	addons.manager	DEBUG	Registering shutdown blocker for PluginProvider
1485985734215	addons.manager	DEBUG	Provider finished startup: PluginProvider
1485985734215	addons.manager	DEBUG	Completed startup sequence
1485985736714	addons.manager	DEBUG	Starting provider: &lt;unnamed-provider&gt;
1485985736715	addons.manager	DEBUG	Registering shutdown blocker for &lt;unnamed-provider&gt;
1485985736715	addons.manager	DEBUG	Provider finished startup: &lt;unnamed-provider&gt;
1485985736966	DeferredSave.extensions.json	DEBUG	Write succeeded
1485985736966	addons.xpi-utils	DEBUG	XPI Database saved, setting schema version preference to 19
1485985736966	DeferredSave.extensions.json	DEBUG	Starting timer
1485985736989	DeferredSave.extensions.json	DEBUG	Starting write
1485985736992	addons.repository	DEBUG	No addons.json found.
1485985736994	DeferredSave.addons.json	DEBUG	Save changes
1485985736997	DeferredSave.addons.json	DEBUG	Starting timer
1485985737163	addons.manager	DEBUG	Starting provider: PreviousExperimentProvider
1485985737164	addons.manager	DEBUG	Registering shutdown blocker for PreviousExperimentProvider
1485985737164	addons.manager	DEBUG	Provider finished startup: PreviousExperimentProvider
1485985737168	DeferredSave.addons.json	DEBUG	Starting write
1485985737193	DeferredSave.extensions.json	DEBUG	Write succeeded
1485985737206	DeferredSave.addons.json	DEBUG	Write succeeded

Build info: version: &#039;2.53.1&#039;, revision: &#039;a36b8b1cd5757287168e54b817830adce9b0158d&#039;, time: &#039;2016-06-30 19:26:09&#039;
System info: host: &#039;Lenovo-PC&#039;, ip: &#039;192.168.44.1&#039;, os.name: &#039;Windows 10&#039;, os.arch: &#039;amd64&#039;, os.version: &#039;10.0&#039;, java.version: &#039;1.8.0_111&#039;
Driver info: driver.version: FirefoxDriver">
      <![CDATA[org.openqa.selenium.WebDriverException: Failed to connect to binary FirefoxBinary(C:\Program Files (x86)\Mozilla Firefox\firefox.exe) on port 7055; process output follows: 
ame":"卡巴斯基保护","description":"使用 Kaspersky Lab 的扩展功能对您的互联网的保护。","creator":null,"homepageURL":null},{"locales":["zh_HK"],"name":"卡巴斯基�?�護","description":"使用 Kaspersky Lab 的延伸功能對您的網際網路的�?�護。","creator":null,"homepageURL":null},{"locales":["zh_TW"],"name":"卡巴斯基�?�護","description":"使用 Kaspersky Lab 的延伸功能對您的網際網路的�?�護。","creator":null,"homepageURL":null}],"targetApplications":[{"id":"{ec8030f7-c20a-464f-9b0e-13a3a9e97384}","minVersion":"38.0a1","maxVersion":"43.0"}],"targetPlatforms":[],"multiprocessCompatible":false,"signedState":2,"seen":true,"dependencies":[],"hasEmbeddedWebExtension":false,"mpcOptedOut":false}
1485985734181	DeferredSave.extensions.json	DEBUG	Save changes
1485985734182	addons.xpi	DEBUG	Updating database with changes to installed add-ons
1485985734182	addons.xpi-utils	DEBUG	Updating add-on states
1485985734184	addons.xpi-utils	DEBUG	Writing add-ons list
1485985734188	addons.xpi	DEBUG	Registering manifest for C:\Program Files (x86)\Mozilla Firefox\browser\features\aushelper@mozilla.org.xpi
1485985734188	addons.xpi	DEBUG	Calling bootstrap method startup on aushelper@mozilla.org version 1.0
1485985734190	addons.xpi	DEBUG	Registering manifest for C:\Program Files (x86)\Mozilla Firefox\browser\features\e10srollout@mozilla.org.xpi
1485985734191	addons.xpi	DEBUG	Calling bootstrap method startup on e10srollout@mozilla.org version 1.7
1485985734192	addons.xpi	DEBUG	Registering manifest for C:\Program Files (x86)\Mozilla Firefox\browser\features\firefox@getpocket.com.xpi
1485985734193	addons.xpi	DEBUG	Calling bootstrap method startup on firefox@getpocket.com version 1.0.5
1485985734198	addons.xpi	DEBUG	Registering manifest for C:\Program Files (x86)\Mozilla Firefox\browser\features\webcompat@mozilla.org.xpi
1485985734199	addons.xpi	DEBUG	Calling bootstrap method startup on webcompat@mozilla.org version 1.0
1485985734203	addons.manager	DEBUG	Registering shutdown blocker for XPIProvider
1485985734204	addons.manager	DEBUG	Provider finished startup: XPIProvider
1485985734204	addons.manager	DEBUG	Starting provider: LightweightThemeManager
1485985734204	addons.manager	DEBUG	Registering shutdown blocker for LightweightThemeManager
1485985734204	addons.manager	DEBUG	Provider finished startup: LightweightThemeManager
1485985734204	addons.manager	DEBUG	Starting provider: GMPProvider
1485985734214	addons.manager	DEBUG	Registering shutdown blocker for GMPProvider
1485985734214	addons.manager	DEBUG	Provider finished startup: GMPProvider
1485985734214	addons.manager	DEBUG	Starting provider: PluginProvider
1485985734214	addons.manager	DEBUG	Registering shutdown blocker for PluginProvider
1485985734215	addons.manager	DEBUG	Provider finished startup: PluginProvider
1485985734215	addons.manager	DEBUG	Completed startup sequence
1485985736714	addons.manager	DEBUG	Starting provider: <unnamed-provider>
1485985736715	addons.manager	DEBUG	Registering shutdown blocker for <unnamed-provider>
1485985736715	addons.manager	DEBUG	Provider finished startup: <unnamed-provider>
1485985736966	DeferredSave.extensions.json	DEBUG	Write succeeded
1485985736966	addons.xpi-utils	DEBUG	XPI Database saved, setting schema version preference to 19
1485985736966	DeferredSave.extensions.json	DEBUG	Starting timer
1485985736989	DeferredSave.extensions.json	DEBUG	Starting write
1485985736992	addons.repository	DEBUG	No addons.json found.
1485985736994	DeferredSave.addons.json	DEBUG	Save changes
1485985736997	DeferredSave.addons.json	DEBUG	Starting timer
1485985737163	addons.manager	DEBUG	Starting provider: PreviousExperimentProvider
1485985737164	addons.manager	DEBUG	Registering shutdown blocker for PreviousExperimentProvider
1485985737164	addons.manager	DEBUG	Provider finished startup: PreviousExperimentProvider
1485985737168	DeferredSave.addons.json	DEBUG	Starting write
1485985737193	DeferredSave.extensions.json	DEBUG	Write succeeded
1485985737206	DeferredSave.addons.json	DEBUG	Write succeeded

Build info: version: '2.53.1', revision: 'a36b8b1cd5757287168e54b817830adce9b0158d', time: '2016-06-30 19:26:09'
System info: host: 'Lenovo-PC', ip: '192.168.44.1', os.name: 'Windows 10', os.arch: 'amd64', os.version: '10.0', java.version: '1.8.0_111'
Driver info: driver.version: FirefoxDriver
	at org.openqa.selenium.firefox.internal.NewProfileExtensionConnection.start(NewProfileExtensionConnection.java:125)
	at org.openqa.selenium.firefox.FirefoxDriver.startClient(FirefoxDriver.java:271)
	at org.openqa.selenium.remote.RemoteWebDriver.<init>(RemoteWebDriver.java:119)
	at org.openqa.selenium.firefox.FirefoxDriver.<init>(FirefoxDriver.java:216)
	at org.openqa.selenium.firefox.FirefoxDriver.<init>(FirefoxDriver.java:211)
	at org.openqa.selenium.firefox.FirefoxDriver.<init>(FirefoxDriver.java:207)
	at org.openqa.selenium.firefox.FirefoxDriver.<init>(FirefoxDriver.java:120)
	at util.WebDriverProvider.lambda$1(WebDriverProvider.java:21)
	at util.WebDriverProvider.getDriver(WebDriverProvider.java:26)
	at tests.BaseTest.setUp(BaseTest.java:39)
	at sun.reflect.NativeMethodAccessorImpl.invoke0(Native Method)
	at sun.reflect.NativeMethodAccessorImpl.invoke(Unknown Source)
	at sun.reflect.DelegatingMethodAccessorImpl.invoke(Unknown Source)
	at java.lang.reflect.Method.invoke(Unknown Source)
	at org.testng.internal.MethodInvocationHelper.invokeMethod(MethodInvocationHelper.java:80)
	at org.testng.internal.Invoker.invokeConfigurationMethod(Invoker.java:564)
	at org.testng.internal.Invoker.invokeConfigurations(Invoker.java:213)
	at org.testng.internal.Invoker.invokeConfigurations(Invoker.java:138)
	at org.testng.internal.TestMethodWorker.invokeBeforeClassMethods(TestMethodWorker.java:175)
	at org.testng.internal.TestMethodWorker.run(TestMethodWorker.java:107)
	at org.testng.TestRunner.privateRun(TestRunner.java:767)
	at org.testng.TestRunner.run(TestRunner.java:617)
	at org.testng.SuiteRunner.runTest(SuiteRunner.java:334)
	at org.testng.SuiteRunner.runSequentially(SuiteRunner.java:329)
	at org.testng.SuiteRunner.privateRun(SuiteRunner.java:291)
	at org.testng.SuiteRunner.run(SuiteRunner.java:240)
	at org.testng.SuiteRunnerWorker.runSuite(SuiteRunnerWorker.java:52)
	at org.testng.SuiteRunnerWorker.run(SuiteRunnerWorker.java:86)
	at org.testng.TestNG.runSuitesSequentially(TestNG.java:1198)
	at org.testng.TestNG.runSuitesLocally(TestNG.java:1123)
	at org.testng.TestNG.run(TestNG.java:1031)
	at org.testng.remote.AbstractRemoteTestNG.run(AbstractRemoteTestNG.java:132)
	at org.testng.remote.RemoteTestNG.initAndRun(RemoteTestNG.java:236)
	at org.testng.remote.RemoteTestNG.main(RemoteTestNG.java:81)
Caused by: org.openqa.selenium.firefox.NotConnectedException: Unable to connect to host 127.0.0.1 on port 7055 after 45000 ms. Firefox console output:
ame":"卡巴斯基保护","description":"使用 Kaspersky Lab 的扩展功能对您的互联网的保护。","creator":null,"homepageURL":null},{"locales":["zh_HK"],"name":"卡巴斯基�?�護","description":"使用 Kaspersky Lab 的延伸功能對您的網際網路的�?�護。","creator":null,"homepageURL":null},{"locales":["zh_TW"],"name":"卡巴斯基�?�護","description":"使用 Kaspersky Lab 的延伸功能對您的網際網路的�?�護。","creator":null,"homepageURL":null}],"targetApplications":[{"id":"{ec8030f7-c20a-464f-9b0e-13a3a9e97384}","minVersion":"38.0a1","maxVersion":"43.0"}],"targetPlatforms":[],"multiprocessCompatible":false,"signedState":2,"seen":true,"dependencies":[],"hasEmbeddedWebExtension":false,"mpcOptedOut":false}
1485985734181	DeferredSave.extensions.json	DEBUG	Save changes
1485985734182	addons.xpi	DEBUG	Updating database with changes to installed add-ons
1485985734182	addons.xpi-utils	DEBUG	Updating add-on states
1485985734184	addons.xpi-utils	DEBUG	Writing add-ons list
1485985734188	addons.xpi	DEBUG	Registering manifest for C:\Program Files (x86)\Mozilla Firefox\browser\features\aushelper@mozilla.org.xpi
1485985734188	addons.xpi	DEBUG	Calling bootstrap method startup on aushelper@mozilla.org version 1.0
1485985734190	addons.xpi	DEBUG	Registering manifest for C:\Program Files (x86)\Mozilla Firefox\browser\features\e10srollout@mozilla.org.xpi
1485985734191	addons.xpi	DEBUG	Calling bootstrap method startup on e10srollout@mozilla.org version 1.7
1485985734192	addons.xpi	DEBUG	Registering manifest for C:\Program Files (x86)\Mozilla Firefox\browser\features\firefox@getpocket.com.xpi
1485985734193	addons.xpi	DEBUG	Calling bootstrap method startup on firefox@getpocket.com version 1.0.5
1485985734198	addons.xpi	DEBUG	Registering manifest for C:\Program Files (x86)\Mozilla Firefox\browser\features\webcompat@mozilla.org.xpi
1485985734199	addons.xpi	DEBUG	Calling bootstrap method startup on webcompat@mozilla.org version 1.0
1485985734203	addons.manager	DEBUG	Registering shutdown blocker for XPIProvider
1485985734204	addons.manager	DEBUG	Provider finished startup: XPIProvider
1485985734204	addons.manager	DEBUG	Starting provider: LightweightThemeManager
1485985734204	addons.manager	DEBUG	Registering shutdown blocker for LightweightThemeManager
1485985734204	addons.manager	DEBUG	Provider finished startup: LightweightThemeManager
1485985734204	addons.manager	DEBUG	Starting provider: GMPProvider
1485985734214	addons.manager	DEBUG	Registering shutdown blocker for GMPProvider
1485985734214	addons.manager	DEBUG	Provider finished startup: GMPProvider
1485985734214	addons.manager	DEBUG	Starting provider: PluginProvider
1485985734214	addons.manager	DEBUG	Registering shutdown blocker for PluginProvider
1485985734215	addons.manager	DEBUG	Provider finished startup: PluginProvider
1485985734215	addons.manager	DEBUG	Completed startup sequence
1485985736714	addons.manager	DEBUG	Starting provider: <unnamed-provider>
1485985736715	addons.manager	DEBUG	Registering shutdown blocker for <unnamed-provider>
1485985736715	addons.manager	DEBUG	Provider finished startup: <unnamed-provider>
1485985736966	DeferredSave.extensions.json	DEBUG	Write succeeded
1485985736966	addons.xpi-utils	DEBUG	XPI Database saved, setting schema version preference to 19
1485985736966	DeferredSave.extensions.json	DEBUG	Starting timer
1485985736989	DeferredSave.extensions.json	DEBUG	Starting write
1485985736992	addons.repository	DEBUG	No addons.json found.
1485985736994	DeferredSave.addons.json	DEBUG	Save changes
1485985736997	DeferredSave.addons.json	DEBUG	Starting timer
1485985737163	addons.manager	DEBUG	Starting provider: PreviousExperimentProvider
1485985737164	addons.manager	DEBUG	Registering shutdown blocker for PreviousExperimentProvider
1485985737164	addons.manager	DEBUG	Provider finished startup: PreviousExperimentProvider
1485985737168	DeferredSave.addons.json	DEBUG	Starting write
1485985737193	DeferredSave.extensions.json	DEBUG	Write succeeded
1485985737206	DeferredSave.addons.json	DEBUG	Write succeeded

	at org.openqa.selenium.firefox.internal.NewProfileExtensionConnection.start(NewProfileExtensionConnection.java:113)
	... 33 more
]]>
    </failure>
  </testcase> <!-- openNewHCPAccountForm -->
  <testcase name="get10MinutesEmail" time="0.000" classname="tests.CreateNewHCPAccountTest">
    <failure type="org.openqa.selenium.WebDriverException" message="Failed to connect to binary FirefoxBinary(C:\Program Files (x86)\Mozilla Firefox\firefox.exe) on port 7055; process output follows: 
ame&quot;:&quot;卡巴斯基保护&quot;,&quot;description&quot;:&quot;使用 Kaspersky Lab 的扩展功能对您的互联网的保护。&quot;,&quot;creator&quot;:null,&quot;homepageURL&quot;:null},{&quot;locales&quot;:[&quot;zh_HK&quot;],&quot;name&quot;:&quot;卡巴斯基�?�護&quot;,&quot;description&quot;:&quot;使用 Kaspersky Lab 的延伸功能對您的網際網路的�?�護。&quot;,&quot;creator&quot;:null,&quot;homepageURL&quot;:null},{&quot;locales&quot;:[&quot;zh_TW&quot;],&quot;name&quot;:&quot;卡巴斯基�?�護&quot;,&quot;description&quot;:&quot;使用 Kaspersky Lab 的延伸功能對您的網際網路的�?�護。&quot;,&quot;creator&quot;:null,&quot;homepageURL&quot;:null}],&quot;targetApplications&quot;:[{&quot;id&quot;:&quot;{ec8030f7-c20a-464f-9b0e-13a3a9e97384}&quot;,&quot;minVersion&quot;:&quot;38.0a1&quot;,&quot;maxVersion&quot;:&quot;43.0&quot;}],&quot;targetPlatforms&quot;:[],&quot;multiprocessCompatible&quot;:false,&quot;signedState&quot;:2,&quot;seen&quot;:true,&quot;dependencies&quot;:[],&quot;hasEmbeddedWebExtension&quot;:false,&quot;mpcOptedOut&quot;:false}
1485985734181	DeferredSave.extensions.json	DEBUG	Save changes
1485985734182	addons.xpi	DEBUG	Updating database with changes to installed add-ons
1485985734182	addons.xpi-utils	DEBUG	Updating add-on states
1485985734184	addons.xpi-utils	DEBUG	Writing add-ons list
1485985734188	addons.xpi	DEBUG	Registering manifest for C:\Program Files (x86)\Mozilla Firefox\browser\features\aushelper@mozilla.org.xpi
1485985734188	addons.xpi	DEBUG	Calling bootstrap method startup on aushelper@mozilla.org version 1.0
1485985734190	addons.xpi	DEBUG	Registering manifest for C:\Program Files (x86)\Mozilla Firefox\browser\features\e10srollout@mozilla.org.xpi
1485985734191	addons.xpi	DEBUG	Calling bootstrap method startup on e10srollout@mozilla.org version 1.7
1485985734192	addons.xpi	DEBUG	Registering manifest for C:\Program Files (x86)\Mozilla Firefox\browser\features\firefox@getpocket.com.xpi
1485985734193	addons.xpi	DEBUG	Calling bootstrap method startup on firefox@getpocket.com version 1.0.5
1485985734198	addons.xpi	DEBUG	Registering manifest for C:\Program Files (x86)\Mozilla Firefox\browser\features\webcompat@mozilla.org.xpi
1485985734199	addons.xpi	DEBUG	Calling bootstrap method startup on webcompat@mozilla.org version 1.0
1485985734203	addons.manager	DEBUG	Registering shutdown blocker for XPIProvider
1485985734204	addons.manager	DEBUG	Provider finished startup: XPIProvider
1485985734204	addons.manager	DEBUG	Starting provider: LightweightThemeManager
1485985734204	addons.manager	DEBUG	Registering shutdown blocker for LightweightThemeManager
1485985734204	addons.manager	DEBUG	Provider finished startup: LightweightThemeManager
1485985734204	addons.manager	DEBUG	Starting provider: GMPProvider
1485985734214	addons.manager	DEBUG	Registering shutdown blocker for GMPProvider
1485985734214	addons.manager	DEBUG	Provider finished startup: GMPProvider
1485985734214	addons.manager	DEBUG	Starting provider: PluginProvider
1485985734214	addons.manager	DEBUG	Registering shutdown blocker for PluginProvider
1485985734215	addons.manager	DEBUG	Provider finished startup: PluginProvider
1485985734215	addons.manager	DEBUG	Completed startup sequence
1485985736714	addons.manager	DEBUG	Starting provider: &lt;unnamed-provider&gt;
1485985736715	addons.manager	DEBUG	Registering shutdown blocker for &lt;unnamed-provider&gt;
1485985736715	addons.manager	DEBUG	Provider finished startup: &lt;unnamed-provider&gt;
1485985736966	DeferredSave.extensions.json	DEBUG	Write succeeded
1485985736966	addons.xpi-utils	DEBUG	XPI Database saved, setting schema version preference to 19
1485985736966	DeferredSave.extensions.json	DEBUG	Starting timer
1485985736989	DeferredSave.extensions.json	DEBUG	Starting write
1485985736992	addons.repository	DEBUG	No addons.json found.
1485985736994	DeferredSave.addons.json	DEBUG	Save changes
1485985736997	DeferredSave.addons.json	DEBUG	Starting timer
1485985737163	addons.manager	DEBUG	Starting provider: PreviousExperimentProvider
1485985737164	addons.manager	DEBUG	Registering shutdown blocker for PreviousExperimentProvider
1485985737164	addons.manager	DEBUG	Provider finished startup: PreviousExperimentProvider
1485985737168	DeferredSave.addons.json	DEBUG	Starting write
1485985737193	DeferredSave.extensions.json	DEBUG	Write succeeded
1485985737206	DeferredSave.addons.json	DEBUG	Write succeeded

Build info: version: &#039;2.53.1&#039;, revision: &#039;a36b8b1cd5757287168e54b817830adce9b0158d&#039;, time: &#039;2016-06-30 19:26:09&#039;
System info: host: &#039;Lenovo-PC&#039;, ip: &#039;192.168.44.1&#039;, os.name: &#039;Windows 10&#039;, os.arch: &#039;amd64&#039;, os.version: &#039;10.0&#039;, java.version: &#039;1.8.0_111&#039;
Driver info: driver.version: FirefoxDriver">
      <![CDATA[org.openqa.selenium.WebDriverException: Failed to connect to binary FirefoxBinary(C:\Program Files (x86)\Mozilla Firefox\firefox.exe) on port 7055; process output follows: 
ame":"卡巴斯基保护","description":"使用 Kaspersky Lab 的扩展功能对您的互联网的保护。","creator":null,"homepageURL":null},{"locales":["zh_HK"],"name":"卡巴斯基�?�護","description":"使用 Kaspersky Lab 的延伸功能對您的網際網路的�?�護。","creator":null,"homepageURL":null},{"locales":["zh_TW"],"name":"卡巴斯基�?�護","description":"使用 Kaspersky Lab 的延伸功能對您的網際網路的�?�護。","creator":null,"homepageURL":null}],"targetApplications":[{"id":"{ec8030f7-c20a-464f-9b0e-13a3a9e97384}","minVersion":"38.0a1","maxVersion":"43.0"}],"targetPlatforms":[],"multiprocessCompatible":false,"signedState":2,"seen":true,"dependencies":[],"hasEmbeddedWebExtension":false,"mpcOptedOut":false}
1485985734181	DeferredSave.extensions.json	DEBUG	Save changes
1485985734182	addons.xpi	DEBUG	Updating database with changes to installed add-ons
1485985734182	addons.xpi-utils	DEBUG	Updating add-on states
1485985734184	addons.xpi-utils	DEBUG	Writing add-ons list
1485985734188	addons.xpi	DEBUG	Registering manifest for C:\Program Files (x86)\Mozilla Firefox\browser\features\aushelper@mozilla.org.xpi
1485985734188	addons.xpi	DEBUG	Calling bootstrap method startup on aushelper@mozilla.org version 1.0
1485985734190	addons.xpi	DEBUG	Registering manifest for C:\Program Files (x86)\Mozilla Firefox\browser\features\e10srollout@mozilla.org.xpi
1485985734191	addons.xpi	DEBUG	Calling bootstrap method startup on e10srollout@mozilla.org version 1.7
1485985734192	addons.xpi	DEBUG	Registering manifest for C:\Program Files (x86)\Mozilla Firefox\browser\features\firefox@getpocket.com.xpi
1485985734193	addons.xpi	DEBUG	Calling bootstrap method startup on firefox@getpocket.com version 1.0.5
1485985734198	addons.xpi	DEBUG	Registering manifest for C:\Program Files (x86)\Mozilla Firefox\browser\features\webcompat@mozilla.org.xpi
1485985734199	addons.xpi	DEBUG	Calling bootstrap method startup on webcompat@mozilla.org version 1.0
1485985734203	addons.manager	DEBUG	Registering shutdown blocker for XPIProvider
1485985734204	addons.manager	DEBUG	Provider finished startup: XPIProvider
1485985734204	addons.manager	DEBUG	Starting provider: LightweightThemeManager
1485985734204	addons.manager	DEBUG	Registering shutdown blocker for LightweightThemeManager
1485985734204	addons.manager	DEBUG	Provider finished startup: LightweightThemeManager
1485985734204	addons.manager	DEBUG	Starting provider: GMPProvider
1485985734214	addons.manager	DEBUG	Registering shutdown blocker for GMPProvider
1485985734214	addons.manager	DEBUG	Provider finished startup: GMPProvider
1485985734214	addons.manager	DEBUG	Starting provider: PluginProvider
1485985734214	addons.manager	DEBUG	Registering shutdown blocker for PluginProvider
1485985734215	addons.manager	DEBUG	Provider finished startup: PluginProvider
1485985734215	addons.manager	DEBUG	Completed startup sequence
1485985736714	addons.manager	DEBUG	Starting provider: <unnamed-provider>
1485985736715	addons.manager	DEBUG	Registering shutdown blocker for <unnamed-provider>
1485985736715	addons.manager	DEBUG	Provider finished startup: <unnamed-provider>
1485985736966	DeferredSave.extensions.json	DEBUG	Write succeeded
1485985736966	addons.xpi-utils	DEBUG	XPI Database saved, setting schema version preference to 19
1485985736966	DeferredSave.extensions.json	DEBUG	Starting timer
1485985736989	DeferredSave.extensions.json	DEBUG	Starting write
1485985736992	addons.repository	DEBUG	No addons.json found.
1485985736994	DeferredSave.addons.json	DEBUG	Save changes
1485985736997	DeferredSave.addons.json	DEBUG	Starting timer
1485985737163	addons.manager	DEBUG	Starting provider: PreviousExperimentProvider
1485985737164	addons.manager	DEBUG	Registering shutdown blocker for PreviousExperimentProvider
1485985737164	addons.manager	DEBUG	Provider finished startup: PreviousExperimentProvider
1485985737168	DeferredSave.addons.json	DEBUG	Starting write
1485985737193	DeferredSave.extensions.json	DEBUG	Write succeeded
1485985737206	DeferredSave.addons.json	DEBUG	Write succeeded

Build info: version: '2.53.1', revision: 'a36b8b1cd5757287168e54b817830adce9b0158d', time: '2016-06-30 19:26:09'
System info: host: 'Lenovo-PC', ip: '192.168.44.1', os.name: 'Windows 10', os.arch: 'amd64', os.version: '10.0', java.version: '1.8.0_111'
Driver info: driver.version: FirefoxDriver
	at org.openqa.selenium.firefox.internal.NewProfileExtensionConnection.start(NewProfileExtensionConnection.java:125)
	at org.openqa.selenium.firefox.FirefoxDriver.startClient(FirefoxDriver.java:271)
	at org.openqa.selenium.remote.RemoteWebDriver.<init>(RemoteWebDriver.java:119)
	at org.openqa.selenium.firefox.FirefoxDriver.<init>(FirefoxDriver.java:216)
	at org.openqa.selenium.firefox.FirefoxDriver.<init>(FirefoxDriver.java:211)
	at org.openqa.selenium.firefox.FirefoxDriver.<init>(FirefoxDriver.java:207)
	at org.openqa.selenium.firefox.FirefoxDriver.<init>(FirefoxDriver.java:120)
	at util.WebDriverProvider.lambda$1(WebDriverProvider.java:21)
	at util.WebDriverProvider.getDriver(WebDriverProvider.java:26)
	at tests.BaseTest.setUp(BaseTest.java:39)
	at sun.reflect.NativeMethodAccessorImpl.invoke0(Native Method)
	at sun.reflect.NativeMethodAccessorImpl.invoke(Unknown Source)
	at sun.reflect.DelegatingMethodAccessorImpl.invoke(Unknown Source)
	at java.lang.reflect.Method.invoke(Unknown Source)
	at org.testng.internal.MethodInvocationHelper.invokeMethod(MethodInvocationHelper.java:80)
	at org.testng.internal.Invoker.invokeConfigurationMethod(Invoker.java:564)
	at org.testng.internal.Invoker.invokeConfigurations(Invoker.java:213)
	at org.testng.internal.Invoker.invokeConfigurations(Invoker.java:138)
	at org.testng.internal.TestMethodWorker.invokeBeforeClassMethods(TestMethodWorker.java:175)
	at org.testng.internal.TestMethodWorker.run(TestMethodWorker.java:107)
	at org.testng.TestRunner.privateRun(TestRunner.java:767)
	at org.testng.TestRunner.run(TestRunner.java:617)
	at org.testng.SuiteRunner.runTest(SuiteRunner.java:334)
	at org.testng.SuiteRunner.runSequentially(SuiteRunner.java:329)
	at org.testng.SuiteRunner.privateRun(SuiteRunner.java:291)
	at org.testng.SuiteRunner.run(SuiteRunner.java:240)
	at org.testng.SuiteRunnerWorker.runSuite(SuiteRunnerWorker.java:52)
	at org.testng.SuiteRunnerWorker.run(SuiteRunnerWorker.java:86)
	at org.testng.TestNG.runSuitesSequentially(TestNG.java:1198)
	at org.testng.TestNG.runSuitesLocally(TestNG.java:1123)
	at org.testng.TestNG.run(TestNG.java:1031)
	at org.testng.remote.AbstractRemoteTestNG.run(AbstractRemoteTestNG.java:132)
	at org.testng.remote.RemoteTestNG.initAndRun(RemoteTestNG.java:236)
	at org.testng.remote.RemoteTestNG.main(RemoteTestNG.java:81)
Caused by: org.openqa.selenium.firefox.NotConnectedException: Unable to connect to host 127.0.0.1 on port 7055 after 45000 ms. Firefox console output:
ame":"卡巴斯基保护","description":"使用 Kaspersky Lab 的扩展功能对您的互联网的保护。","creator":null,"homepageURL":null},{"locales":["zh_HK"],"name":"卡巴斯基�?�護","description":"使用 Kaspersky Lab 的延伸功能對您的網際網路的�?�護。","creator":null,"homepageURL":null},{"locales":["zh_TW"],"name":"卡巴斯基�?�護","description":"使用 Kaspersky Lab 的延伸功能對您的網際網路的�?�護。","creator":null,"homepageURL":null}],"targetApplications":[{"id":"{ec8030f7-c20a-464f-9b0e-13a3a9e97384}","minVersion":"38.0a1","maxVersion":"43.0"}],"targetPlatforms":[],"multiprocessCompatible":false,"signedState":2,"seen":true,"dependencies":[],"hasEmbeddedWebExtension":false,"mpcOptedOut":false}
1485985734181	DeferredSave.extensions.json	DEBUG	Save changes
1485985734182	addons.xpi	DEBUG	Updating database with changes to installed add-ons
1485985734182	addons.xpi-utils	DEBUG	Updating add-on states
1485985734184	addons.xpi-utils	DEBUG	Writing add-ons list
1485985734188	addons.xpi	DEBUG	Registering manifest for C:\Program Files (x86)\Mozilla Firefox\browser\features\aushelper@mozilla.org.xpi
1485985734188	addons.xpi	DEBUG	Calling bootstrap method startup on aushelper@mozilla.org version 1.0
1485985734190	addons.xpi	DEBUG	Registering manifest for C:\Program Files (x86)\Mozilla Firefox\browser\features\e10srollout@mozilla.org.xpi
1485985734191	addons.xpi	DEBUG	Calling bootstrap method startup on e10srollout@mozilla.org version 1.7
1485985734192	addons.xpi	DEBUG	Registering manifest for C:\Program Files (x86)\Mozilla Firefox\browser\features\firefox@getpocket.com.xpi
1485985734193	addons.xpi	DEBUG	Calling bootstrap method startup on firefox@getpocket.com version 1.0.5
1485985734198	addons.xpi	DEBUG	Registering manifest for C:\Program Files (x86)\Mozilla Firefox\browser\features\webcompat@mozilla.org.xpi
1485985734199	addons.xpi	DEBUG	Calling bootstrap method startup on webcompat@mozilla.org version 1.0
1485985734203	addons.manager	DEBUG	Registering shutdown blocker for XPIProvider
1485985734204	addons.manager	DEBUG	Provider finished startup: XPIProvider
1485985734204	addons.manager	DEBUG	Starting provider: LightweightThemeManager
1485985734204	addons.manager	DEBUG	Registering shutdown blocker for LightweightThemeManager
1485985734204	addons.manager	DEBUG	Provider finished startup: LightweightThemeManager
1485985734204	addons.manager	DEBUG	Starting provider: GMPProvider
1485985734214	addons.manager	DEBUG	Registering shutdown blocker for GMPProvider
1485985734214	addons.manager	DEBUG	Provider finished startup: GMPProvider
1485985734214	addons.manager	DEBUG	Starting provider: PluginProvider
1485985734214	addons.manager	DEBUG	Registering shutdown blocker for PluginProvider
1485985734215	addons.manager	DEBUG	Provider finished startup: PluginProvider
1485985734215	addons.manager	DEBUG	Completed startup sequence
1485985736714	addons.manager	DEBUG	Starting provider: <unnamed-provider>
1485985736715	addons.manager	DEBUG	Registering shutdown blocker for <unnamed-provider>
1485985736715	addons.manager	DEBUG	Provider finished startup: <unnamed-provider>
1485985736966	DeferredSave.extensions.json	DEBUG	Write succeeded
1485985736966	addons.xpi-utils	DEBUG	XPI Database saved, setting schema version preference to 19
1485985736966	DeferredSave.extensions.json	DEBUG	Starting timer
1485985736989	DeferredSave.extensions.json	DEBUG	Starting write
1485985736992	addons.repository	DEBUG	No addons.json found.
1485985736994	DeferredSave.addons.json	DEBUG	Save changes
1485985736997	DeferredSave.addons.json	DEBUG	Starting timer
1485985737163	addons.manager	DEBUG	Starting provider: PreviousExperimentProvider
1485985737164	addons.manager	DEBUG	Registering shutdown blocker for PreviousExperimentProvider
1485985737164	addons.manager	DEBUG	Provider finished startup: PreviousExperimentProvider
1485985737168	DeferredSave.addons.json	DEBUG	Starting write
1485985737193	DeferredSave.extensions.json	DEBUG	Write succeeded
1485985737206	DeferredSave.addons.json	DEBUG	Write succeeded

	at org.openqa.selenium.firefox.internal.NewProfileExtensionConnection.start(NewProfileExtensionConnection.java:113)
	... 33 more
]]>
    </failure>
  </testcase> <!-- get10MinutesEmail -->
  <testcase name="loginHCPAccount" time="0.000" classname="tests.CreateNewHCPAccountTest">
    <failure type="org.openqa.selenium.WebDriverException" message="Failed to connect to binary FirefoxBinary(C:\Program Files (x86)\Mozilla Firefox\firefox.exe) on port 7055; process output follows: 
ame&quot;:&quot;卡巴斯基保护&quot;,&quot;description&quot;:&quot;使用 Kaspersky Lab 的扩展功能对您的互联网的保护。&quot;,&quot;creator&quot;:null,&quot;homepageURL&quot;:null},{&quot;locales&quot;:[&quot;zh_HK&quot;],&quot;name&quot;:&quot;卡巴斯基�?�護&quot;,&quot;description&quot;:&quot;使用 Kaspersky Lab 的延伸功能對您的網際網路的�?�護。&quot;,&quot;creator&quot;:null,&quot;homepageURL&quot;:null},{&quot;locales&quot;:[&quot;zh_TW&quot;],&quot;name&quot;:&quot;卡巴斯基�?�護&quot;,&quot;description&quot;:&quot;使用 Kaspersky Lab 的延伸功能對您的網際網路的�?�護。&quot;,&quot;creator&quot;:null,&quot;homepageURL&quot;:null}],&quot;targetApplications&quot;:[{&quot;id&quot;:&quot;{ec8030f7-c20a-464f-9b0e-13a3a9e97384}&quot;,&quot;minVersion&quot;:&quot;38.0a1&quot;,&quot;maxVersion&quot;:&quot;43.0&quot;}],&quot;targetPlatforms&quot;:[],&quot;multiprocessCompatible&quot;:false,&quot;signedState&quot;:2,&quot;seen&quot;:true,&quot;dependencies&quot;:[],&quot;hasEmbeddedWebExtension&quot;:false,&quot;mpcOptedOut&quot;:false}
1485985734181	DeferredSave.extensions.json	DEBUG	Save changes
1485985734182	addons.xpi	DEBUG	Updating database with changes to installed add-ons
1485985734182	addons.xpi-utils	DEBUG	Updating add-on states
1485985734184	addons.xpi-utils	DEBUG	Writing add-ons list
1485985734188	addons.xpi	DEBUG	Registering manifest for C:\Program Files (x86)\Mozilla Firefox\browser\features\aushelper@mozilla.org.xpi
1485985734188	addons.xpi	DEBUG	Calling bootstrap method startup on aushelper@mozilla.org version 1.0
1485985734190	addons.xpi	DEBUG	Registering manifest for C:\Program Files (x86)\Mozilla Firefox\browser\features\e10srollout@mozilla.org.xpi
1485985734191	addons.xpi	DEBUG	Calling bootstrap method startup on e10srollout@mozilla.org version 1.7
1485985734192	addons.xpi	DEBUG	Registering manifest for C:\Program Files (x86)\Mozilla Firefox\browser\features\firefox@getpocket.com.xpi
1485985734193	addons.xpi	DEBUG	Calling bootstrap method startup on firefox@getpocket.com version 1.0.5
1485985734198	addons.xpi	DEBUG	Registering manifest for C:\Program Files (x86)\Mozilla Firefox\browser\features\webcompat@mozilla.org.xpi
1485985734199	addons.xpi	DEBUG	Calling bootstrap method startup on webcompat@mozilla.org version 1.0
1485985734203	addons.manager	DEBUG	Registering shutdown blocker for XPIProvider
1485985734204	addons.manager	DEBUG	Provider finished startup: XPIProvider
1485985734204	addons.manager	DEBUG	Starting provider: LightweightThemeManager
1485985734204	addons.manager	DEBUG	Registering shutdown blocker for LightweightThemeManager
1485985734204	addons.manager	DEBUG	Provider finished startup: LightweightThemeManager
1485985734204	addons.manager	DEBUG	Starting provider: GMPProvider
1485985734214	addons.manager	DEBUG	Registering shutdown blocker for GMPProvider
1485985734214	addons.manager	DEBUG	Provider finished startup: GMPProvider
1485985734214	addons.manager	DEBUG	Starting provider: PluginProvider
1485985734214	addons.manager	DEBUG	Registering shutdown blocker for PluginProvider
1485985734215	addons.manager	DEBUG	Provider finished startup: PluginProvider
1485985734215	addons.manager	DEBUG	Completed startup sequence
1485985736714	addons.manager	DEBUG	Starting provider: &lt;unnamed-provider&gt;
1485985736715	addons.manager	DEBUG	Registering shutdown blocker for &lt;unnamed-provider&gt;
1485985736715	addons.manager	DEBUG	Provider finished startup: &lt;unnamed-provider&gt;
1485985736966	DeferredSave.extensions.json	DEBUG	Write succeeded
1485985736966	addons.xpi-utils	DEBUG	XPI Database saved, setting schema version preference to 19
1485985736966	DeferredSave.extensions.json	DEBUG	Starting timer
1485985736989	DeferredSave.extensions.json	DEBUG	Starting write
1485985736992	addons.repository	DEBUG	No addons.json found.
1485985736994	DeferredSave.addons.json	DEBUG	Save changes
1485985736997	DeferredSave.addons.json	DEBUG	Starting timer
1485985737163	addons.manager	DEBUG	Starting provider: PreviousExperimentProvider
1485985737164	addons.manager	DEBUG	Registering shutdown blocker for PreviousExperimentProvider
1485985737164	addons.manager	DEBUG	Provider finished startup: PreviousExperimentProvider
1485985737168	DeferredSave.addons.json	DEBUG	Starting write
1485985737193	DeferredSave.extensions.json	DEBUG	Write succeeded
1485985737206	DeferredSave.addons.json	DEBUG	Write succeeded

Build info: version: &#039;2.53.1&#039;, revision: &#039;a36b8b1cd5757287168e54b817830adce9b0158d&#039;, time: &#039;2016-06-30 19:26:09&#039;
System info: host: &#039;Lenovo-PC&#039;, ip: &#039;192.168.44.1&#039;, os.name: &#039;Windows 10&#039;, os.arch: &#039;amd64&#039;, os.version: &#039;10.0&#039;, java.version: &#039;1.8.0_111&#039;
Driver info: driver.version: FirefoxDriver">
      <![CDATA[org.openqa.selenium.WebDriverException: Failed to connect to binary FirefoxBinary(C:\Program Files (x86)\Mozilla Firefox\firefox.exe) on port 7055; process output follows: 
ame":"卡巴斯基保护","description":"使用 Kaspersky Lab 的扩展功能对您的互联网的保护。","creator":null,"homepageURL":null},{"locales":["zh_HK"],"name":"卡巴斯基�?�護","description":"使用 Kaspersky Lab 的延伸功能對您的網際網路的�?�護。","creator":null,"homepageURL":null},{"locales":["zh_TW"],"name":"卡巴斯基�?�護","description":"使用 Kaspersky Lab 的延伸功能對您的網際網路的�?�護。","creator":null,"homepageURL":null}],"targetApplications":[{"id":"{ec8030f7-c20a-464f-9b0e-13a3a9e97384}","minVersion":"38.0a1","maxVersion":"43.0"}],"targetPlatforms":[],"multiprocessCompatible":false,"signedState":2,"seen":true,"dependencies":[],"hasEmbeddedWebExtension":false,"mpcOptedOut":false}
1485985734181	DeferredSave.extensions.json	DEBUG	Save changes
1485985734182	addons.xpi	DEBUG	Updating database with changes to installed add-ons
1485985734182	addons.xpi-utils	DEBUG	Updating add-on states
1485985734184	addons.xpi-utils	DEBUG	Writing add-ons list
1485985734188	addons.xpi	DEBUG	Registering manifest for C:\Program Files (x86)\Mozilla Firefox\browser\features\aushelper@mozilla.org.xpi
1485985734188	addons.xpi	DEBUG	Calling bootstrap method startup on aushelper@mozilla.org version 1.0
1485985734190	addons.xpi	DEBUG	Registering manifest for C:\Program Files (x86)\Mozilla Firefox\browser\features\e10srollout@mozilla.org.xpi
1485985734191	addons.xpi	DEBUG	Calling bootstrap method startup on e10srollout@mozilla.org version 1.7
1485985734192	addons.xpi	DEBUG	Registering manifest for C:\Program Files (x86)\Mozilla Firefox\browser\features\firefox@getpocket.com.xpi
1485985734193	addons.xpi	DEBUG	Calling bootstrap method startup on firefox@getpocket.com version 1.0.5
1485985734198	addons.xpi	DEBUG	Registering manifest for C:\Program Files (x86)\Mozilla Firefox\browser\features\webcompat@mozilla.org.xpi
1485985734199	addons.xpi	DEBUG	Calling bootstrap method startup on webcompat@mozilla.org version 1.0
1485985734203	addons.manager	DEBUG	Registering shutdown blocker for XPIProvider
1485985734204	addons.manager	DEBUG	Provider finished startup: XPIProvider
1485985734204	addons.manager	DEBUG	Starting provider: LightweightThemeManager
1485985734204	addons.manager	DEBUG	Registering shutdown blocker for LightweightThemeManager
1485985734204	addons.manager	DEBUG	Provider finished startup: LightweightThemeManager
1485985734204	addons.manager	DEBUG	Starting provider: GMPProvider
1485985734214	addons.manager	DEBUG	Registering shutdown blocker for GMPProvider
1485985734214	addons.manager	DEBUG	Provider finished startup: GMPProvider
1485985734214	addons.manager	DEBUG	Starting provider: PluginProvider
1485985734214	addons.manager	DEBUG	Registering shutdown blocker for PluginProvider
1485985734215	addons.manager	DEBUG	Provider finished startup: PluginProvider
1485985734215	addons.manager	DEBUG	Completed startup sequence
1485985736714	addons.manager	DEBUG	Starting provider: <unnamed-provider>
1485985736715	addons.manager	DEBUG	Registering shutdown blocker for <unnamed-provider>
1485985736715	addons.manager	DEBUG	Provider finished startup: <unnamed-provider>
1485985736966	DeferredSave.extensions.json	DEBUG	Write succeeded
1485985736966	addons.xpi-utils	DEBUG	XPI Database saved, setting schema version preference to 19
1485985736966	DeferredSave.extensions.json	DEBUG	Starting timer
1485985736989	DeferredSave.extensions.json	DEBUG	Starting write
1485985736992	addons.repository	DEBUG	No addons.json found.
1485985736994	DeferredSave.addons.json	DEBUG	Save changes
1485985736997	DeferredSave.addons.json	DEBUG	Starting timer
1485985737163	addons.manager	DEBUG	Starting provider: PreviousExperimentProvider
1485985737164	addons.manager	DEBUG	Registering shutdown blocker for PreviousExperimentProvider
1485985737164	addons.manager	DEBUG	Provider finished startup: PreviousExperimentProvider
1485985737168	DeferredSave.addons.json	DEBUG	Starting write
1485985737193	DeferredSave.extensions.json	DEBUG	Write succeeded
1485985737206	DeferredSave.addons.json	DEBUG	Write succeeded

Build info: version: '2.53.1', revision: 'a36b8b1cd5757287168e54b817830adce9b0158d', time: '2016-06-30 19:26:09'
System info: host: 'Lenovo-PC', ip: '192.168.44.1', os.name: 'Windows 10', os.arch: 'amd64', os.version: '10.0', java.version: '1.8.0_111'
Driver info: driver.version: FirefoxDriver
	at org.openqa.selenium.firefox.internal.NewProfileExtensionConnection.start(NewProfileExtensionConnection.java:125)
	at org.openqa.selenium.firefox.FirefoxDriver.startClient(FirefoxDriver.java:271)
	at org.openqa.selenium.remote.RemoteWebDriver.<init>(RemoteWebDriver.java:119)
	at org.openqa.selenium.firefox.FirefoxDriver.<init>(FirefoxDriver.java:216)
	at org.openqa.selenium.firefox.FirefoxDriver.<init>(FirefoxDriver.java:211)
	at org.openqa.selenium.firefox.FirefoxDriver.<init>(FirefoxDriver.java:207)
	at org.openqa.selenium.firefox.FirefoxDriver.<init>(FirefoxDriver.java:120)
	at util.WebDriverProvider.lambda$1(WebDriverProvider.java:21)
	at util.WebDriverProvider.getDriver(WebDriverProvider.java:26)
	at tests.BaseTest.setUp(BaseTest.java:39)
	at sun.reflect.NativeMethodAccessorImpl.invoke0(Native Method)
	at sun.reflect.NativeMethodAccessorImpl.invoke(Unknown Source)
	at sun.reflect.DelegatingMethodAccessorImpl.invoke(Unknown Source)
	at java.lang.reflect.Method.invoke(Unknown Source)
	at org.testng.internal.MethodInvocationHelper.invokeMethod(MethodInvocationHelper.java:80)
	at org.testng.internal.Invoker.invokeConfigurationMethod(Invoker.java:564)
	at org.testng.internal.Invoker.invokeConfigurations(Invoker.java:213)
	at org.testng.internal.Invoker.invokeConfigurations(Invoker.java:138)
	at org.testng.internal.TestMethodWorker.invokeBeforeClassMethods(TestMethodWorker.java:175)
	at org.testng.internal.TestMethodWorker.run(TestMethodWorker.java:107)
	at org.testng.TestRunner.privateRun(TestRunner.java:767)
	at org.testng.TestRunner.run(TestRunner.java:617)
	at org.testng.SuiteRunner.runTest(SuiteRunner.java:334)
	at org.testng.SuiteRunner.runSequentially(SuiteRunner.java:329)
	at org.testng.SuiteRunner.privateRun(SuiteRunner.java:291)
	at org.testng.SuiteRunner.run(SuiteRunner.java:240)
	at org.testng.SuiteRunnerWorker.runSuite(SuiteRunnerWorker.java:52)
	at org.testng.SuiteRunnerWorker.run(SuiteRunnerWorker.java:86)
	at org.testng.TestNG.runSuitesSequentially(TestNG.java:1198)
	at org.testng.TestNG.runSuitesLocally(TestNG.java:1123)
	at org.testng.TestNG.run(TestNG.java:1031)
	at org.testng.remote.AbstractRemoteTestNG.run(AbstractRemoteTestNG.java:132)
	at org.testng.remote.RemoteTestNG.initAndRun(RemoteTestNG.java:236)
	at org.testng.remote.RemoteTestNG.main(RemoteTestNG.java:81)
Caused by: org.openqa.selenium.firefox.NotConnectedException: Unable to connect to host 127.0.0.1 on port 7055 after 45000 ms. Firefox console output:
ame":"卡巴斯基保护","description":"使用 Kaspersky Lab 的扩展功能对您的互联网的保护。","creator":null,"homepageURL":null},{"locales":["zh_HK"],"name":"卡巴斯基�?�護","description":"使用 Kaspersky Lab 的延伸功能對您的網際網路的�?�護。","creator":null,"homepageURL":null},{"locales":["zh_TW"],"name":"卡巴斯基�?�護","description":"使用 Kaspersky Lab 的延伸功能對您的網際網路的�?�護。","creator":null,"homepageURL":null}],"targetApplications":[{"id":"{ec8030f7-c20a-464f-9b0e-13a3a9e97384}","minVersion":"38.0a1","maxVersion":"43.0"}],"targetPlatforms":[],"multiprocessCompatible":false,"signedState":2,"seen":true,"dependencies":[],"hasEmbeddedWebExtension":false,"mpcOptedOut":false}
1485985734181	DeferredSave.extensions.json	DEBUG	Save changes
1485985734182	addons.xpi	DEBUG	Updating database with changes to installed add-ons
1485985734182	addons.xpi-utils	DEBUG	Updating add-on states
1485985734184	addons.xpi-utils	DEBUG	Writing add-ons list
1485985734188	addons.xpi	DEBUG	Registering manifest for C:\Program Files (x86)\Mozilla Firefox\browser\features\aushelper@mozilla.org.xpi
1485985734188	addons.xpi	DEBUG	Calling bootstrap method startup on aushelper@mozilla.org version 1.0
1485985734190	addons.xpi	DEBUG	Registering manifest for C:\Program Files (x86)\Mozilla Firefox\browser\features\e10srollout@mozilla.org.xpi
1485985734191	addons.xpi	DEBUG	Calling bootstrap method startup on e10srollout@mozilla.org version 1.7
1485985734192	addons.xpi	DEBUG	Registering manifest for C:\Program Files (x86)\Mozilla Firefox\browser\features\firefox@getpocket.com.xpi
1485985734193	addons.xpi	DEBUG	Calling bootstrap method startup on firefox@getpocket.com version 1.0.5
1485985734198	addons.xpi	DEBUG	Registering manifest for C:\Program Files (x86)\Mozilla Firefox\browser\features\webcompat@mozilla.org.xpi
1485985734199	addons.xpi	DEBUG	Calling bootstrap method startup on webcompat@mozilla.org version 1.0
1485985734203	addons.manager	DEBUG	Registering shutdown blocker for XPIProvider
1485985734204	addons.manager	DEBUG	Provider finished startup: XPIProvider
1485985734204	addons.manager	DEBUG	Starting provider: LightweightThemeManager
1485985734204	addons.manager	DEBUG	Registering shutdown blocker for LightweightThemeManager
1485985734204	addons.manager	DEBUG	Provider finished startup: LightweightThemeManager
1485985734204	addons.manager	DEBUG	Starting provider: GMPProvider
1485985734214	addons.manager	DEBUG	Registering shutdown blocker for GMPProvider
1485985734214	addons.manager	DEBUG	Provider finished startup: GMPProvider
1485985734214	addons.manager	DEBUG	Starting provider: PluginProvider
1485985734214	addons.manager	DEBUG	Registering shutdown blocker for PluginProvider
1485985734215	addons.manager	DEBUG	Provider finished startup: PluginProvider
1485985734215	addons.manager	DEBUG	Completed startup sequence
1485985736714	addons.manager	DEBUG	Starting provider: <unnamed-provider>
1485985736715	addons.manager	DEBUG	Registering shutdown blocker for <unnamed-provider>
1485985736715	addons.manager	DEBUG	Provider finished startup: <unnamed-provider>
1485985736966	DeferredSave.extensions.json	DEBUG	Write succeeded
1485985736966	addons.xpi-utils	DEBUG	XPI Database saved, setting schema version preference to 19
1485985736966	DeferredSave.extensions.json	DEBUG	Starting timer
1485985736989	DeferredSave.extensions.json	DEBUG	Starting write
1485985736992	addons.repository	DEBUG	No addons.json found.
1485985736994	DeferredSave.addons.json	DEBUG	Save changes
1485985736997	DeferredSave.addons.json	DEBUG	Starting timer
1485985737163	addons.manager	DEBUG	Starting provider: PreviousExperimentProvider
1485985737164	addons.manager	DEBUG	Registering shutdown blocker for PreviousExperimentProvider
1485985737164	addons.manager	DEBUG	Provider finished startup: PreviousExperimentProvider
1485985737168	DeferredSave.addons.json	DEBUG	Starting write
1485985737193	DeferredSave.extensions.json	DEBUG	Write succeeded
1485985737206	DeferredSave.addons.json	DEBUG	Write succeeded

	at org.openqa.selenium.firefox.internal.NewProfileExtensionConnection.start(NewProfileExtensionConnection.java:113)
	... 33 more
]]>
    </failure>
  </testcase> <!-- loginHCPAccount -->
</testsuite> <!-- tests.CreateNewHCPAccountTest -->
